<?xml version="1.0" encoding="UTF-8"?>
<!-- Generated by org.testng.reporters.JUnitReportReporter -->
<testsuite hostname="DEV-MK-3153-LAP" failures="0" tests="1" name="com.agl.e_genie.testcase.BaseTestCase" time="43.218" errors="0" timestamp="2023-08-24T18:06:18 IST" skipped="0">
  <testcase classname="com.agl.e_genie.testcase.BaseTestCase" name="apply_Campaign_Manager_Filter" time="43.218"/>
  <system-out/>
</testsuite> <!-- com.agl.e_genie.testcase.BaseTestCase -->
