<?xml version="1.0" encoding="UTF-8"?>
<!-- Generated by org.testng.reporters.JUnitReportReporter -->
<testsuite hostname="DESKTOP-UE8GDMR" failures="0" tests="1" name="com.agl.e_genie.testcase.Negative_Keyword_Testcase" time="26.845" errors="0" timestamp="2023-10-30T15:25:47 IST" skipped="0">
  <testcase classname="com.agl.e_genie.testcase.Negative_Keyword_Testcase" name="apply_Negative_Keyword_Filter" time="26.845"/>
  <system-out/>
</testsuite> <!-- com.agl.e_genie.testcase.Negative_Keyword_Testcase -->
