<?xml version="1.0" encoding="UTF-8"?>
<!-- Generated by org.testng.reporters.JUnitReportReporter -->
<testsuite hostname="DESKTOP-UE8GDMR" failures="0" tests="1" name="com.agl.e_genie.testcase.Search_Term_Testcase" time="19.519" errors="0" timestamp="2023-10-30T15:26:19 IST" skipped="0">
  <testcase classname="com.agl.e_genie.testcase.Search_Term_Testcase" name="apply_Search_Term_Filter" time="19.519"/>
  <system-out/>
</testsuite> <!-- com.agl.e_genie.testcase.Search_Term_Testcase -->
