<?xml version="1.0" encoding="UTF-8"?>
<!-- Generated by org.testng.reporters.JUnitReportReporter -->
<testsuite hostname="DESKTOP-A98T3QT" failures="0" tests="1" name="com.agl.e_genie.testcase.Campaign_Manager_Testcase" time="91.123" errors="0" timestamp="2023-12-29T16:04:17 IST" skipped="0">
  <testcase classname="com.agl.e_genie.testcase.Campaign_Manager_Testcase" name="homePageTestcase" time="91.123"/>
  <system-out/>
</testsuite> <!-- com.agl.e_genie.testcase.Campaign_Manager_Testcase -->
